<?xml version="1.0" encoding="UTF-8"?>
<coverage generated="1595109447380" clover="3.2.0">
  <project timestamp="1595109447381" name="All files">
    <metrics statements="45" coveredstatements="45" conditionals="8" coveredconditionals="7" methods="11" coveredmethods="11" elements="64" coveredelements="63" complexity="0" loc="45" ncloc="45" packages="1" files="5" classes="5"/>
    <file name="context.tsx" path="/home/timo/projects/react-conversation/src/conversation/context.tsx">
      <metrics statements="13" coveredstatements="13" conditionals="4" coveredconditionals="3" methods="3" coveredmethods="3"/>
      <line num="1" count="5" type="stmt"/>
      <line num="35" count="1" type="stmt"/>
      <line num="38" count="5" type="stmt"/>
      <line num="56" count="8" type="stmt"/>
      <line num="58" count="8" type="stmt"/>
      <line num="60" count="8" type="stmt"/>
      <line num="62" count="8" type="cond" truecount="2" falsecount="0"/>
      <line num="63" count="4" type="stmt"/>
      <line num="72" count="4" type="stmt"/>
      <line num="87" count="8" type="stmt"/>
      <line num="92" count="8" type="stmt"/>
      <line num="101" count="5" type="stmt"/>
      <line num="105" count="5" type="stmt"/>
    </file>
    <file name="useMessages.ts" path="/home/timo/projects/react-conversation/src/conversation/useMessages.ts">
      <metrics statements="8" coveredstatements="8" conditionals="0" coveredconditionals="0" methods="2" coveredmethods="2"/>
      <line num="1" count="1" type="stmt"/>
      <line num="2" count="1" type="stmt"/>
      <line num="4" count="1" type="stmt"/>
      <line num="6" count="1" type="stmt"/>
      <line num="7" count="1" type="stmt"/>
      <line num="9" count="1" type="stmt"/>
      <line num="14" count="1" type="stmt"/>
      <line num="17" count="4" type="stmt"/>
    </file>
    <file name="useOnBotMessage.ts" path="/home/timo/projects/react-conversation/src/conversation/useOnBotMessage.ts">
      <metrics statements="9" coveredstatements="9" conditionals="2" coveredconditionals="2" methods="2" coveredmethods="2"/>
      <line num="1" count="1" type="stmt"/>
      <line num="2" count="1" type="stmt"/>
      <line num="6" count="1" type="stmt"/>
      <line num="7" count="4" type="stmt"/>
      <line num="9" count="4" type="stmt"/>
      <line num="10" count="3" type="stmt"/>
      <line num="11" count="3" type="cond" truecount="2" falsecount="0"/>
      <line num="12" count="2" type="stmt"/>
      <line num="15" count="1" type="stmt"/>
    </file>
    <file name="useOnUserMessage.ts" path="/home/timo/projects/react-conversation/src/conversation/useOnUserMessage.ts">
      <metrics statements="9" coveredstatements="9" conditionals="2" coveredconditionals="2" methods="2" coveredmethods="2"/>
      <line num="1" count="1" type="stmt"/>
      <line num="2" count="1" type="stmt"/>
      <line num="6" count="1" type="stmt"/>
      <line num="7" count="4" type="stmt"/>
      <line num="9" count="4" type="stmt"/>
      <line num="10" count="3" type="stmt"/>
      <line num="12" count="3" type="cond" truecount="2" falsecount="0"/>
      <line num="13" count="2" type="stmt"/>
      <line num="16" count="1" type="stmt"/>
    </file>
    <file name="useSendMessage.ts" path="/home/timo/projects/react-conversation/src/conversation/useSendMessage.ts">
      <metrics statements="6" coveredstatements="6" conditionals="0" coveredconditionals="0" methods="2" coveredmethods="2"/>
      <line num="1" count="3" type="stmt"/>
      <line num="2" count="3" type="stmt"/>
      <line num="4" count="3" type="stmt"/>
      <line num="5" count="9" type="stmt"/>
      <line num="7" count="9" type="stmt"/>
      <line num="8" count="6" type="stmt"/>
    </file>
  </project>
</coverage>
