{"/home/timo/projects/react-conversation/src/conversation/context.tsx": {"path":"/home/timo/projects/react-conversation/src/conversation/context.tsx","statementMap":{"0":{"start":{"line":1,"column":0},"end":{"line":1,"column":25}},"1":{"start":{"line":35,"column":2},"end":{"line":35,"column":null}},"2":{"start":{"line":38,"column":13},"end":{"line":46,"column":null}},"3":{"start":{"line":56,"column":10},"end":{"line":56,"column":null}},"4":{"start":{"line":58,"column":35},"end":{"line":84,"column":null}},"5":{"start":{"line":60,"column":6},"end":{"line":82,"column":null}},"6":{"start":{"line":62,"column":10},"end":{"line":70,"column":null}},"7":{"start":{"line":63,"column":12},"end":{"line":69,"column":null}},"8":{"start":{"line":72,"column":10},"end":{"line":78,"column":null}},"9":{"start":{"line":58,"column":21},"end":{"line":58,"column":23}},"10":{"start":{"line":58,"column":31},"end":{"line":58,"column":35}},"11":{"start":{"line":87,"column":16},"end":{"line":90,"column":null}},"12":{"start":{"line":92,"column":2},"end":{"line":98,"column":null}},"13":{"start":{"line":101,"column":37},"end":{"line":102,"column":null}},"14":{"start":{"line":105,"column":41},"end":{"line":105,"column":61}}},"fnMap":{"0":{"name":"throwProviderError","decl":{"start":{"line":34,"column":9},"end":{"line":34,"column":27}},"loc":{"start":{"line":34,"column":27},"end":{"line":36,"column":1}}},"1":{"name":"ConversationProvider","decl":{"start":{"line":55,"column":9},"end":{"line":55,"column":29}},"loc":{"start":{"line":57,"column":35},"end":{"line":99,"column":1}}},"2":{"name":"(anonymous_5)","decl":{"start":{"line":59,"column":4},"end":{"line":59,"column":5}},"loc":{"start":{"line":59,"column":58},"end":{"line":83,"column":5}}}},"branchMap":{"0":{"loc":{"start":{"line":61,"column":8},"end":{"line":78,"column":null}},"type":"switch","locations":[{"start":{"line":61,"column":8},"end":{"line":78,"column":null}},{"start":{"line":79,"column":8},"end":{"line":81,"column":null}}]},"1":{"loc":{"start":{"line":62,"column":10},"end":{"line":70,"column":null}},"type":"if","locations":[{"start":{"line":62,"column":10},"end":{"line":70,"column":null}},{"start":{"line":62,"column":10},"end":{"line":70,"column":null}}]}},"s":{"0":5,"1":1,"2":5,"3":8,"4":8,"5":8,"6":8,"7":4,"8":4,"9":8,"10":8,"11":8,"12":8,"13":5,"14":5},"f":{"0":1,"1":8,"2":8},"b":{"0":[8,0],"1":[4,4]}}
,"/home/timo/projects/react-conversation/src/conversation/useMessages.ts": {"path":"/home/timo/projects/react-conversation/src/conversation/useMessages.ts","statementMap":{"0":{"start":{"line":1,"column":0},"end":{"line":1,"column":25}},"1":{"start":{"line":2,"column":0},"end":{"line":2,"column":75}},"2":{"start":{"line":7,"column":6},"end":{"line":7,"column":null}},"3":{"start":{"line":6,"column":31},"end":{"line":6,"column":33}},"4":{"start":{"line":6,"column":45},"end":{"line":6,"column":47}},"5":{"start":{"line":9,"column":19},"end":{"line":11,"column":null}},"6":{"start":{"line":14,"column":2},"end":{"line":21,"column":null}},"7":{"start":{"line":17,"column":6},"end":{"line":19,"column":null}},"8":{"start":{"line":4,"column":0},"end":{"line":4,"column":24}}},"fnMap":{"0":{"name":"useMessages","decl":{"start":{"line":4,"column":24},"end":{"line":4,"column":35}},"loc":{"start":{"line":4,"column":35},"end":{"line":22,"column":1}}},"1":{"name":"(anonymous_4)","decl":{"start":{"line":16,"column":12},"end":{"line":16,"column":13}},"loc":{"start":{"line":16,"column":30},"end":{"line":21,"column":5}}}},"branchMap":{},"s":{"0":1,"1":1,"2":1,"3":1,"4":1,"5":1,"6":1,"7":4,"8":1},"f":{"0":1,"1":4},"b":{}}
,"/home/timo/projects/react-conversation/src/conversation/useOnBotMessage.ts": {"path":"/home/timo/projects/react-conversation/src/conversation/useOnBotMessage.ts","statementMap":{"0":{"start":{"line":1,"column":0},"end":{"line":1,"column":25}},"1":{"start":{"line":2,"column":0},"end":{"line":2,"column":59}},"2":{"start":{"line":7,"column":27},"end":{"line":7,"column":null}},"3":{"start":{"line":9,"column":2},"end":{"line":21,"column":null}},"4":{"start":{"line":10,"column":28},"end":{"line":10,"column":72}},"5":{"start":{"line":11,"column":4},"end":{"line":13,"column":null}},"6":{"start":{"line":12,"column":6},"end":{"line":12,"column":12}},"7":{"start":{"line":15,"column":4},"end":{"line":19,"column":null}},"8":{"start":{"line":6,"column":0},"end":{"line":6,"column":24}}},"fnMap":{"0":{"name":"useOnBotMessage","decl":{"start":{"line":6,"column":24},"end":{"line":6,"column":39}},"loc":{"start":{"line":6,"column":72},"end":{"line":22,"column":1}}},"1":{"name":"(anonymous_2)","decl":{"start":{"line":9,"column":18},"end":{"line":9,"column":null}},"loc":{"start":{"line":9,"column":18},"end":{"line":21,"column":3}}}},"branchMap":{"0":{"loc":{"start":{"line":11,"column":4},"end":{"line":13,"column":null}},"type":"if","locations":[{"start":{"line":11,"column":4},"end":{"line":13,"column":null}},{"start":{"line":11,"column":4},"end":{"line":13,"column":null}}]}},"s":{"0":1,"1":1,"2":4,"3":4,"4":3,"5":3,"6":2,"7":1,"8":1},"f":{"0":4,"1":3},"b":{"0":[2,1]}}
,"/home/timo/projects/react-conversation/src/conversation/useOnUserMessage.ts": {"path":"/home/timo/projects/react-conversation/src/conversation/useOnUserMessage.ts","statementMap":{"0":{"start":{"line":1,"column":0},"end":{"line":1,"column":25}},"1":{"start":{"line":2,"column":0},"end":{"line":2,"column":60}},"2":{"start":{"line":7,"column":27},"end":{"line":7,"column":null}},"3":{"start":{"line":9,"column":2},"end":{"line":22,"column":null}},"4":{"start":{"line":10,"column":29},"end":{"line":10,"column":74}},"5":{"start":{"line":12,"column":4},"end":{"line":14,"column":null}},"6":{"start":{"line":13,"column":6},"end":{"line":13,"column":12}},"7":{"start":{"line":16,"column":4},"end":{"line":20,"column":null}},"8":{"start":{"line":6,"column":0},"end":{"line":6,"column":24}}},"fnMap":{"0":{"name":"useOnUserMessage","decl":{"start":{"line":6,"column":24},"end":{"line":6,"column":40}},"loc":{"start":{"line":6,"column":75},"end":{"line":23,"column":1}}},"1":{"name":"(anonymous_2)","decl":{"start":{"line":9,"column":18},"end":{"line":9,"column":null}},"loc":{"start":{"line":9,"column":18},"end":{"line":22,"column":3}}}},"branchMap":{"0":{"loc":{"start":{"line":12,"column":4},"end":{"line":14,"column":null}},"type":"if","locations":[{"start":{"line":12,"column":4},"end":{"line":14,"column":null}},{"start":{"line":12,"column":4},"end":{"line":14,"column":null}}]}},"s":{"0":1,"1":1,"2":4,"3":4,"4":3,"5":3,"6":2,"7":1,"8":1},"f":{"0":4,"1":3},"b":{"0":[2,1]}}
,"/home/timo/projects/react-conversation/src/conversation/useSendMessage.ts": {"path":"/home/timo/projects/react-conversation/src/conversation/useSendMessage.ts","statementMap":{"0":{"start":{"line":1,"column":0},"end":{"line":1,"column":25}},"1":{"start":{"line":2,"column":0},"end":{"line":2,"column":56}},"2":{"start":{"line":5,"column":23},"end":{"line":5,"column":null}},"3":{"start":{"line":7,"column":2},"end":{"line":11,"column":null}},"4":{"start":{"line":8,"column":4},"end":{"line":11,"column":null}},"5":{"start":{"line":4,"column":0},"end":{"line":4,"column":24}}},"fnMap":{"0":{"name":"useSendMessage","decl":{"start":{"line":4,"column":24},"end":{"line":4,"column":38}},"loc":{"start":{"line":4,"column":38},"end":{"line":12,"column":1}}},"1":{"name":"(anonymous_2)","decl":{"start":{"line":7,"column":9},"end":{"line":7,"column":10}},"loc":{"start":{"line":7,"column":29},"end":{"line":8,"column":12}}}},"branchMap":{},"s":{"0":3,"1":3,"2":9,"3":9,"4":6,"5":3},"f":{"0":9,"1":6},"b":{}}
}
