TN:
SF:src/conversation/context.tsx
FN:34,throwProviderError
FN:55,ConversationProvider
FN:59,(anonymous_5)
FNF:3
FNH:3
FNDA:1,throwProviderError
FNDA:8,ConversationProvider
FNDA:8,(anonymous_5)
DA:1,5
DA:35,1
DA:38,5
DA:56,8
DA:58,8
DA:60,8
DA:62,8
DA:63,4
DA:72,4
DA:87,8
DA:92,8
DA:101,5
DA:105,5
LF:13
LH:13
BRDA:61,0,0,8
BRDA:61,0,1,0
BRDA:62,1,0,4
BRDA:62,1,1,4
BRF:4
BRH:3
end_of_record
TN:
SF:src/conversation/useMessages.ts
FN:4,useMessages
FN:16,(anonymous_4)
FNF:2
FNH:2
FNDA:1,useMessages
FNDA:4,(anonymous_4)
DA:1,1
DA:2,1
DA:4,1
DA:6,1
DA:7,1
DA:9,1
DA:14,1
DA:17,4
LF:8
LH:8
BRF:0
BRH:0
end_of_record
TN:
SF:src/conversation/useOnBotMessage.ts
FN:6,useOnBotMessage
FN:9,(anonymous_2)
FNF:2
FNH:2
FNDA:4,useOnBotMessage
FNDA:3,(anonymous_2)
DA:1,1
DA:2,1
DA:6,1
DA:7,4
DA:9,4
DA:10,3
DA:11,3
DA:12,2
DA:15,1
LF:9
LH:9
BRDA:11,0,0,2
BRDA:11,0,1,1
BRF:2
BRH:2
end_of_record
TN:
SF:src/conversation/useOnUserMessage.ts
FN:6,useOnUserMessage
FN:9,(anonymous_2)
FNF:2
FNH:2
FNDA:4,useOnUserMessage
FNDA:3,(anonymous_2)
DA:1,1
DA:2,1
DA:6,1
DA:7,4
DA:9,4
DA:10,3
DA:12,3
DA:13,2
DA:16,1
LF:9
LH:9
BRDA:12,0,0,2
BRDA:12,0,1,1
BRF:2
BRH:2
end_of_record
TN:
SF:src/conversation/useSendMessage.ts
FN:4,useSendMessage
FN:7,(anonymous_2)
FNF:2
FNH:2
FNDA:9,useSendMessage
FNDA:6,(anonymous_2)
DA:1,3
DA:2,3
DA:4,3
DA:5,9
DA:7,9
DA:8,6
LF:6
LH:6
BRF:0
BRH:0
end_of_record
